****************************
   PLMXML Log File Header   
   ----------------------   
            IMPORT          
****************************
Server Hostname :  TCPLM
Teamcenter version :  Teamcenter V11000.2.7.71_20190128.00
Syslog-FileName :  C:\Users\ADMINI~1\AppData\Local\Temp\tcserver.exe78090b4.syslog
LOG-FileName is:  Quicke Release.xml.log
XML-FileName is:  Quicke Release.xml
XSLT-FileName is:  
TransferMode Name :  workflow_template_import
OverWrite-ExistingData is:  0
CheckOutObjects-UponExport is:  0
CheckFor-ExportPrivilege is:  1
****************************
Workflow Template Import Mode: No Overwrite




///// Teamcenter Import Summary BEGIN: Processed the following PLMXML Elements
  Element:: WorkflowTemplate                                   Count:: 1 
///// Teamcenter Import Summary: Processed the following Teamcenter Objects
///// Teamcenter Import Summary END: /////


